<?xml version="1.0" encoding="UTF-8"?>
<!-- Generated by org.testng.reporters.JUnitReportReporter -->
<testsuite hostname="Laptop-BharatSingh" failures="0" tests="3" name="TestCase.CheckOutTestCase" time="9.026" errors="0" timestamp="2024-02-17T16:09:07 IST" skipped="0">
  <testcase classname="TestCase.CheckOutTestCase" name="Checkout1" time="2.991"/>
  <testcase classname="TestCase.CheckOutTestCase" name="Checkout2" time="2.890"/>
  <testcase classname="TestCase.CheckOutTestCase" name="Checkout3" time="3.145"/>
</testsuite> <!-- TestCase.CheckOutTestCase -->
