<?xml version="1.0" encoding="UTF-8"?>
<!-- Generated by org.testng.reporters.JUnitReportReporter -->
<testsuite hostname="Laptop-BharatSingh" failures="0" tests="2" name="TestCase.ProductTestCase" time="7.944" errors="0" timestamp="2024-02-17T16:09:07 IST" skipped="0">
  <testcase classname="TestCase.ProductTestCase" name="ProductTestCase2" time="4.811"/>
  <testcase classname="TestCase.ProductTestCase" name="ProductTestCase1" time="3.133"/>
</testsuite> <!-- TestCase.ProductTestCase -->
