<?xml version="1.0" encoding="UTF-8"?>
<!-- Generated by org.testng.reporters.JUnitReportReporter -->
<testsuite hostname="Laptop-BharatSingh" failures="0" tests="4" name="TestCase.LoginTestCase" time="8.025" errors="0" timestamp="2024-02-17T16:16:41 IST" skipped="2">
  <testcase classname="TestCase.LoginTestCase" name="LoginTestCase1" time="5.072"/>
  <testcase classname="TestCase.LoginTestCase" name="LoginTestCase3" time="2.953"/>
  <testcase classname="TestCase.LoginTestCase" name="LoginTestCase2">
    <skipped/>
  </testcase> <!-- LoginTestCase2 -->
  <testcase classname="TestCase.LoginTestCase" name="LoginTestCase4">
    <skipped/>
  </testcase> <!-- LoginTestCase4 -->
</testsuite> <!-- TestCase.LoginTestCase -->
